<?xml version="1.0" encoding="UTF-8"?>
<coverage generated="1648308968613" clover="3.2.0">
  <project timestamp="1648308968613" name="All files">
    <metrics statements="23" coveredstatements="23" conditionals="4" coveredconditionals="3" methods="9" coveredmethods="9" elements="36" coveredelements="35" complexity="0" loc="23" ncloc="23" packages="1" files="3" classes="3"/>
    <file name="frame.js" path="/home/alex/Personal/Learning/Dojo/lambdaloopers-code-kata/src/frame.js">
      <metrics statements="6" coveredstatements="6" conditionals="0" coveredconditionals="0" methods="3" coveredmethods="3"/>
      <line num="7" count="6" type="stmt"/>
      <line num="8" count="6" type="stmt"/>
      <line num="9" count="6" type="stmt"/>
      <line num="13" count="8" type="stmt"/>
      <line num="17" count="11" type="stmt"/>
      <line num="21" count="1" type="stmt"/>
    </file>
    <file name="game.js" path="/home/alex/Personal/Learning/Dojo/lambdaloopers-code-kata/src/game.js">
      <metrics statements="13" coveredstatements="13" conditionals="2" coveredconditionals="2" methods="3" coveredmethods="3"/>
      <line num="1" count="1" type="stmt"/>
      <line num="2" count="1" type="stmt"/>
      <line num="10" count="3" type="stmt"/>
      <line num="11" count="3" type="stmt"/>
      <line num="12" count="3" type="stmt"/>
      <line num="16" count="11" type="cond" truecount="2" falsecount="0"/>
      <line num="17" count="3" type="stmt"/>
      <line num="18" count="3" type="stmt"/>
      <line num="19" count="3" type="stmt"/>
      <line num="20" count="3" type="stmt"/>
      <line num="22" count="8" type="stmt"/>
      <line num="26" count="3" type="stmt"/>
      <line num="30" count="1" type="stmt"/>
    </file>
    <file name="score.js" path="/home/alex/Personal/Learning/Dojo/lambdaloopers-code-kata/src/score.js">
      <metrics statements="4" coveredstatements="4" conditionals="2" coveredconditionals="1" methods="3" coveredmethods="3"/>
      <line num="5" count="3" type="stmt"/>
      <line num="9" count="3" type="stmt"/>
      <line num="10" count="3" type="cond" truecount="1" falsecount="1"/>
      <line num="15" count="1" type="stmt"/>
    </file>
  </project>
</coverage>
