TN:
SF:src/frame.js
FN:6,(anonymous_0)
FN:12,(anonymous_1)
FN:23,(anonymous_2)
FNF:3
FNH:3
FNDA:11,(anonymous_0)
FNDA:16,(anonymous_1)
FNDA:16,(anonymous_2)
DA:7,11
DA:8,11
DA:9,11
DA:13,16
DA:14,1
DA:15,1
DA:17,15
DA:18,15
DA:19,1
DA:24,16
DA:28,1
LF:11
LH:11
BRDA:13,0,0,1
BRDA:13,0,1,15
BRDA:18,1,0,1
BRDA:18,1,1,14
BRF:4
BRH:4
end_of_record
TN:
SF:src/game.js
FN:9,(anonymous_0)
FN:15,(anonymous_1)
FN:25,(anonymous_2)
FNF:3
FNH:3
FNDA:4,(anonymous_0)
FNDA:16,(anonymous_1)
FNDA:4,(anonymous_2)
DA:1,1
DA:2,1
DA:10,4
DA:11,4
DA:12,4
DA:16,16
DA:18,16
DA:19,7
DA:20,7
DA:21,7
DA:26,4
DA:30,1
LF:12
LH:12
BRDA:18,0,0,7
BRDA:18,0,1,9
BRF:2
BRH:2
end_of_record
TN:
SF:src/score.js
FN:4,(anonymous_0)
FN:8,(anonymous_1)
FN:9,(anonymous_2)
FNF:3
FNH:3
FNDA:4,(anonymous_0)
FNDA:7,(anonymous_1)
FNDA:10,(anonymous_2)
DA:5,4
DA:9,7
DA:10,10
DA:11,1
DA:14,10
DA:15,1
DA:17,10
DA:22,1
LF:8
LH:8
BRDA:10,0,0,1
BRDA:10,0,1,9
BRDA:14,1,0,1
BRDA:14,1,1,9
BRF:4
BRH:4
end_of_record
