TN:
SF:src/frame.js
FN:6,(anonymous_0)
FN:12,(anonymous_1)
FN:16,(anonymous_2)
FNF:3
FNH:3
FNDA:6,(anonymous_0)
FNDA:8,(anonymous_1)
FNDA:11,(anonymous_2)
DA:7,6
DA:8,6
DA:9,6
DA:13,8
DA:17,11
DA:21,1
LF:6
LH:6
BRF:0
BRH:0
end_of_record
TN:
SF:src/game.js
FN:9,(anonymous_0)
FN:15,(anonymous_1)
FN:25,(anonymous_2)
FNF:3
FNH:3
FNDA:3,(anonymous_0)
FNDA:11,(anonymous_1)
FNDA:3,(anonymous_2)
DA:1,1
DA:2,1
DA:10,3
DA:11,3
DA:12,3
DA:16,11
DA:17,3
DA:18,3
DA:19,3
DA:20,3
DA:22,8
DA:26,3
DA:30,1
LF:13
LH:13
BRDA:16,0,0,3
BRDA:16,0,1,8
BRF:2
BRH:2
end_of_record
TN:
SF:src/score.js
FN:4,(anonymous_0)
FN:8,(anonymous_1)
FN:9,(anonymous_2)
FNF:3
FNH:3
FNDA:3,(anonymous_0)
FNDA:3,(anonymous_1)
FNDA:3,(anonymous_2)
DA:5,3
DA:9,3
DA:10,3
DA:15,1
LF:4
LH:4
BRDA:10,0,0,3
BRDA:10,0,1,0
BRF:2
BRH:1
end_of_record
